DEBUG:root:::while parsing json: Expecting value: line 1 column 1 (char 0)
DEBUG:root:user_agent: Mozilla/5.0 (Macintosh; Intel Mac OS X 10_15_7) AppleWebKit/537.36 (KHTML, like Gecko) Chrome/96.0.4664.110 Safari/537.36
DEBUG:root:self.cookie = 'C=0; O=0; V=aaf001987659acf4574d5f5437231ea761c66b2c4b2b96.41167953; DFID=web|4mUuaolFC5nG0RLMFUip; chgmfatoken=%5B%20%22account_sharing_mfa%22%20%3D%3E%201%2C%20%22user_uuid%22%20%3D%3E%20d7d00710-8e0d-49ab-ac90-a68c3eedf759%2C%20%22created_date%22%20%3D%3E%202021-12-25T01%3A02%3A24.159Z%20%5D; U=930632b00f9f9e2ce96274d3ec7a8de8; chgcsdmtoken=%7B%22user_uuid%22%3A%22d7d00710-8e0d-49ab-ac90-a68c3eedf759%22%2C%22created_date%22%3A%222021-12-29T08%3A29%3A32.681Z%22%2C%22account_sharing_device_management%22%3A1%7D; _pxvid=15e83929-6e0a-11ec-8a18-63426e786b59; _vid_t=AcBY83pjI3yd9X7D0B5AmCYltQYjYo/otkoWIRYSRlhYNmUpM+OxfgE9QbyZA1UlocglvpVIc6ucuw==; _omappvp=Q2UWwjIyYVPH77L2dxe1pf7ysYasZTCwhmwCt6hUQw66fDgxxwp1TLuDNBwDZ6TQTURA7ZD8zlsoOmTVKFN30pVp8i8WThgw; _fbp=fb.1.1641376627844.1022159144; _ga=GA1.2.178568250.1641376628; _gcl_au=1.1.1632783748.1641376628; _scid=e800342e-99a6-402c-a4a1-c2355aeb70cf; _sctr=1|1641369600000; __gads=ID=4809f4ef6b4d98bd:T=1641376640:S=ALNI_MY8Gf083lWRDuF8SYwqYHy_szsZ7Q; optimizelyEndUserId=oeu1641377132246r0.4311004120698463; usprivacy=1YNY; chgcsastoken=T2B1y1IacbkGTvbOHl-DI0NZOhSHBx_O9zs3hq3exHvUcmY6W2YrhRL7IA_J7cFAdsiwG44Th-ZHP-x2FNdtxTZWvRdU6-F8ca-PN8is-SlEp237SBfBd9lQgtxe1VHZ; _sp_id.ad8a=0322a44f-c9a5-4c6c-8b83-1dd155b77589.1641377134.2.1641418682.1641377134.6cc717c3-2611-499e-aa6c-9153d1bf6265; wcs_bt=s_4544d378d9e5:1641424643; chegg_web_cbr_id=a; opt-user-profile=aaf001987659acf4574d5f5437231ea761c66b2c4b2b96.41167953%252C20738153433%253A20767183433; user_geo_location=%7B%22country_iso_code%22%3A%22US%22%2C%22country_name%22%3A%22United+States%22%2C%22region%22%3A%22VA%22%2C%22region_full%22%3A%22Virginia%22%2C%22city_name%22%3A%22Ashburn%22%2C%22postal_code%22%3A%2220149%22%2C%22locale%22%3A%7B%22localeCode%22%3A%5B%22en-US%22%5D%7D%7D; _sdsat_cheggUserUUID=d7d00710-8e0d-49ab-ac90-a68c3eedf759; CVID=4e22028d-2eb7-4e8c-8dff-83c6089da5ce; pxcts=27b515e0-7001-11ec-84db-219fb92aa98e; CSID=1641591078820; ab.storage.deviceId.b283d3f6-78a7-451c-8b93-d98cdb32f9f1=%7B%22g%22%3A%22f8fa22d2-297c-b597-433f-4d2589d7f1c7%22%2C%22c%22%3A1641376628575%2C%22l%22%3A1641591079386%7D; ab.storage.userId.b283d3f6-78a7-451c-8b93-d98cdb32f9f1=%7B%22g%22%3A%22d7d00710-8e0d-49ab-ac90-a68c3eedf759%22%2C%22c%22%3A1641376628562%2C%22l%22%3A1641591079387%7D; local_fallback_mcid=84136303815270021061601618524761158542; s_ecid=MCMID|84136303815270021061601618524761158542; schoolapi=3b21314d-1339-4e4f-a6e7-d739afc8ff6b|0.538461538; IR_gbd=chegg.com; _gid=GA1.2.367256707.1641591083; _cs_c=0; _clck=v304d8|1|exx|0; _ym_uid=164159108432618175; _ym_d=1641591084; PHPSESSID=v2m53nscbio7o5th5m5qg44629; CSessionID=54464c66-3760-4b20-bf64-53815a3dd9b3; forterToken=a6cd91d7875c479980a51302fcfd8f78_1641591090553_70_UDF43_13ck; id_token=eyJhbGciOiJSUzI1NiIsInR5cCI6IkpXVCJ9.eyJlbWFpbCI6ImphY29iY2hhbWllQGdtYWlsLmNvbSIsImlzcyI6Imh1Yi5jaGVnZy5jb20iLCJzdWIiOiJkN2QwMDcxMC04ZTBkLTQ5YWItYWM5MC1hNjhjM2VlZGY3NTkiLCJhdWQiOiJDSEdHIiwiaWF0IjoxNjQxNTkxMTAwLCJleHAiOjE2NTcxNDMxMDAsInJlcGFja2VyX2lkIjoiYXB3In0.mA-C4KKez9ZtQv1tz3X7auLLIXKCnBywKhrvEkX8xs6c-6U0fsmZcofVqWhg4-ygvOG__Zf2TKy1KiN2OXVY0Qm7XHRNDdB4_NWVHruyfY4iq1Pi5O-aElKJMqFNBQ4grwoD8KDRTk38ZtWhde4RRAAXzPTXwZrkUgmmBqGi_RpWkX6Fnv9vjzQ0-lYNWFIZ7djy6avpjq9FmDTXRh_vw_tBH8ioebsIUfyrbOoEui2wjt_R8gE-v69yRmR0ZALY-6DH2L8k-ic8jemBv-T64NqCQb2-RZBJyg8fxy68ranGAzjkMme1Ii1j7apC1Q_rbbf8HKjz3OMgYXVTXtMnug; SU=X5jPGpX2r25Ng9-fntjm5cIykQP2M9XsAyQPFEkKTmlkWo3h-wQGS_WYvyYpY_PKeAoTJZ132nmuboHk1wXlJMoxE4Cl3a2_KpZGc7FsgCMuVGVh1Ib2zw1F2vxAcWhR; exp=A803B%7CA560B%7CC026A%7CA127B; expkey=EEA518F8C4B999D606315817F68B191A; mcid=52303038950199184211053358835638776095; _rdt_uuid=1641591103063.b564afe4-98b1-4bfe-9b3f-69276ddc8b67; _ym_isad=2; intlPaQExitIntentModal=hide; OptanonConsent=isIABGlobal=false&datestamp=Fri+Jan+07+2022+13%3A32%3A12+GMT-0800+(Pacific+Standard+Time)&version=6.18.0&hosts=&consentId=badbec39-c4c2-44a0-9a82-34d432c8f6ce&interactionCount=1&landingPath=NotLandingPage&groups=snc%3A1%2Cfnc%3A1%2Cprf%3A1%2CSPD_BG%3A1%2Ctrg%3A1&AwaitingReconsent=false; _sdsat_authState=Hard%20Logged%20In; sbm_a_b_test=10-test; _px3=c999f6ad2317214492e4825e499a8cbab3088248aa65787139322e8dee74062c:MtPphLelMpBRRAAqqep0GG8w/ZwbKBZP1xMAedILy7/jejoOf2h0r4UrH8BRBrW4M5DkAdlGX8rlbtpQGAkzhw==:1000:reNv5aepW+TxZ1x1o2ZAeYD1RE3RAdWVVwHB/kfFQC0k59xwjTrMpn7bcFd8STLBu9Ri0HmLvLNU/ZbyFbVfoD6qDjKhw2z6cuWrqyF3sNEizZX0KoEMkz/CXLVZsl8oPLCMUA+I8WUnMG6MzFryPNv3Ol3+dn5K1WdyxhJ3QWWuG38nUp4596kvI3XN2CaNs0n2EqorUg8/yPcfCG6xuA==; _px=MtPphLelMpBRRAAqqep0GG8w/ZwbKBZP1xMAedILy7/jejoOf2h0r4UrH8BRBrW4M5DkAdlGX8rlbtpQGAkzhw==:1000:G5b2mT/DjPRg9d17cs3gypsgq0RAOvnzifK4nFpfHRU+jrC3cPSd9svDQGdiz5I6Ss35guN6GokV3Akqi3ziMjIW0fQjqUymgELeQXvjWKpfga9n8XbM3ej8e4OElEg9alRGEl6EkSEgJxoqDkktq0mBkyWvOQgWGrbXjU3jGalIopWeezTib4vWLrNyugCOieUdGDxcLvymeGno0D8HUlIzvMHgmFP6K3xiKZQyEnNYSIUYlYCVO2PpyNCLqGDvZOpoO6gRIzNUO8XdpYCSxg==; _sdsat_highestContentConfidence={%22course_uuid%22:%2234ea71f9-d2c1-43dc-be61-f18cf22bc064%22%2C%22course_name%22:%22calculus-1-2-3%22%2C%22confidence%22:0.7704%2C%22year_in_school%22:%22college-year-1%22%2C%22subject%22:[{%22uuid%22:%2204e5ff34-ba6f-4746-9290-c6f81e65edd4%22%2C%22name%22:%22calculus%22}]}; _tq_id.TV-8145726354-1.ad8a=87d02d993ce87861.1641376629.0.1641591137..; IR_14422=1641591136673%7C0%7C1641591136673%7C%7C; _uetsid=294a85a0700111ecbc9fd9280deef7ed; _uetvid=d81d93106e0d11ec8046f5f371098d03; d7d00710-8e0d-49ab-ac90-a68c3eedf759_TMXCookie=60; ab.storage.sessionId.b283d3f6-78a7-451c-8b93-d98cdb32f9f1=%7B%22g%22%3A%222a908855-0a8c-0767-2632-020c8b280f4f%22%2C%22e%22%3A1641592937131%2C%22c%22%3A1641591079383%2C%22l%22%3A1641591137131%7D; _cs_cvars=%7B%221%22%3A%5B%22Page%20Name%22%2C%22Question%20Page%22%5D%2C%222%22%3A%5B%22Experience%22%2C%22desktop%22%5D%2C%223%22%3A%5B%22Page%20Type%22%2C%22pdp%22%5D%2C%224%22%3A%5B%22Auth%20Status%22%2C%22Hard%20Logged%20In%22%5D%7D; _cs_id=a19aea40-2589-aa1f-94c9-dcf3f4ac94cb.1641591095.1.1641591137.1641591095.1.1675755095178; _cs_s=5.0.0.1641592937421; _clsk=33sv3d|1641591139764|6|0|d.clarity.ms/collect'
DEBUG:urllib3.connectionpool:Starting new HTTPS connection (1): www.chegg.com:443
ERROR:flaskAPI:Exception on /urlBox [GET]
Traceback (most recent call last):
  File "/Users/jacobchamie/opt/anaconda3/lib/python3.9/site-packages/urllib3/connectionpool.py", line 696, in urlopen
    self._prepare_proxy(conn)
  File "/Users/jacobchamie/opt/anaconda3/lib/python3.9/site-packages/urllib3/connectionpool.py", line 964, in _prepare_proxy
    conn.connect()
  File "/Users/jacobchamie/opt/anaconda3/lib/python3.9/site-packages/urllib3/connection.py", line 371, in connect
    self._tunnel()
  File "/Users/jacobchamie/opt/anaconda3/lib/python3.9/http/client.py", line 929, in _tunnel
    raise OSError(f"Tunnel connection failed: {code} {message.strip()}")
OSError: Tunnel connection failed: 407 Proxy Authentication Required

During handling of the above exception, another exception occurred:

Traceback (most recent call last):
  File "/Users/jacobchamie/opt/anaconda3/lib/python3.9/site-packages/requests/adapters.py", line 439, in send
    resp = conn.urlopen(
  File "/Users/jacobchamie/opt/anaconda3/lib/python3.9/site-packages/urllib3/connectionpool.py", line 755, in urlopen
    retries = retries.increment(
  File "/Users/jacobchamie/opt/anaconda3/lib/python3.9/site-packages/urllib3/util/retry.py", line 574, in increment
    raise MaxRetryError(_pool, url, error or ResponseError(cause))
urllib3.exceptions.MaxRetryError: HTTPSConnectionPool(host='www.chegg.com', port=443): Max retries exceeded with url: /homework-help/questions-and-answers/find-region-integration-2x-4y-1-da-bounded-y-x-2-y-x-3-evaluate-double-integrals-q5681991 (Caused by ProxyError('Cannot connect to proxy.', OSError('Tunnel connection failed: 407 Proxy Authentication Required')))

During handling of the above exception, another exception occurred:

Traceback (most recent call last):
  File "/Users/jacobchamie/opt/anaconda3/lib/python3.9/site-packages/flask/app.py", line 2447, in wsgi_app
    response = self.full_dispatch_request()
  File "/Users/jacobchamie/opt/anaconda3/lib/python3.9/site-packages/flask/app.py", line 1952, in full_dispatch_request
    rv = self.handle_user_exception(e)
  File "/Users/jacobchamie/opt/anaconda3/lib/python3.9/site-packages/flask/app.py", line 1821, in handle_user_exception
    reraise(exc_type, exc_value, tb)
  File "/Users/jacobchamie/opt/anaconda3/lib/python3.9/site-packages/flask/_compat.py", line 39, in reraise
    raise value
  File "/Users/jacobchamie/opt/anaconda3/lib/python3.9/site-packages/flask/app.py", line 1950, in full_dispatch_request
    rv = self.dispatch_request()
  File "/Users/jacobchamie/opt/anaconda3/lib/python3.9/site-packages/flask/app.py", line 1936, in dispatch_request
    return self.view_functions[rule.endpoint](**req.view_args)
  File "/Users/jacobchamie/Desktop/chegg-scraper-main/flaskAPI.py", line 30, in urlLink
    parseAnswer = Downloader.main(url)
  File "/Users/jacobchamie/Desktop/chegg-scraper-main/cheggscraper/Downloader.py", line 14, in main
    return Chegg.url_to_html(url, file_name_format=default_save_file_format)
  File "/Users/jacobchamie/Desktop/chegg-scraper-main/cheggscraper/CheggScraper.py", line 526, in url_to_html
    html_res_text = self._get_response_text(url=url)
  File "/Users/jacobchamie/Desktop/chegg-scraper-main/cheggscraper/CheggScraper.py", line 310, in _get_response_text
    response = self._web_response(url, headers, expected_status, note, error_note)
  File "/Users/jacobchamie/Desktop/chegg-scraper-main/cheggscraper/CheggScraper.py", line 290, in _web_response
    response = requests.get(
  File "/Users/jacobchamie/opt/anaconda3/lib/python3.9/site-packages/requests/api.py", line 75, in get
    return request('get', url, params=params, **kwargs)
  File "/Users/jacobchamie/opt/anaconda3/lib/python3.9/site-packages/requests/api.py", line 61, in request
    return session.request(method=method, url=url, **kwargs)
  File "/Users/jacobchamie/opt/anaconda3/lib/python3.9/site-packages/requests/sessions.py", line 542, in request
    resp = self.send(prep, **send_kwargs)
  File "/Users/jacobchamie/opt/anaconda3/lib/python3.9/site-packages/requests/sessions.py", line 655, in send
    r = adapter.send(request, **kwargs)
  File "/Users/jacobchamie/opt/anaconda3/lib/python3.9/site-packages/requests/adapters.py", line 510, in send
    raise ProxyError(e, request=request)
requests.exceptions.ProxyError: HTTPSConnectionPool(host='www.chegg.com', port=443): Max retries exceeded with url: /homework-help/questions-and-answers/find-region-integration-2x-4y-1-da-bounded-y-x-2-y-x-3-evaluate-double-integrals-q5681991 (Caused by ProxyError('Cannot connect to proxy.', OSError('Tunnel connection failed: 407 Proxy Authentication Required')))
